Logger started at: Friday, April 4, 2014 9:20:07 PM EDT
Component: com.appcelerator.titanium.ios.core
Version: 1.0.0.1388991145
[20:7.622] Sent: >21*1396660807617*version<
[20:7.623] Recv: >1396660807617*2*3.2.2.GA<
[20:7.624] Sent: >20*1396660807618*update<
[20:7.625] Recv: >1396660807618*3.2.2.GA<
[20:7.626] Sent: >45*1396660807619*option*stepFiltersEnabled*false<
[20:7.627] Recv: >1396660807619<
[20:7.627] Sent: >36*1396660807620*option*monitorXHR*true<
[20:7.627] Recv: >1396660807620<
[20:7.627] Sent: >45*1396660807621*option*suspendOnFirstLine*false<
[20:7.628] Recv: >1396660807621<
[20:7.628] Sent: >46*1396660807622*option*suspendOnExceptions*false<
[20:7.628] Recv: >1396660807622<
[20:7.628] Sent: >41*1396660807623*option*suspendOnErrors*true<
[20:7.628] Recv: >1396660807623<
[20:7.629] Sent: >43*1396660807624*option*suspendOnKeywords*true<
[20:7.629] Recv: >1396660807624<
[20:7.629] Sent: >45*1396660807625*option*bypassConstructors*false<
[20:7.629] Recv: >1396660807625<
[20:7.629] Sent: >45*1396660807626*option*stepFiltersEnabled*false<
[20:7.630] Recv: >1396660807626<
[20:7.630] Sent: >30*1396660807627*detailFormatters<
[20:7.630] Recv: >1396660807627<
[20:7.630] Sent: >20*1396660807628*enable<
[20:7.631] Recv: >1396660807628<
[20:7.632] Recv: >threads*created*0*kroll$1<
[20:7.634] Recv: >log*out*[DEBUG] Analytics is enabled = YES<
[20:7.635] Recv: >log*out*[DEBUG] Loading: /Users/nanap/Library/Application Support/iPhone Simulator/7.1-64/Applications/B2673568-EDE4-41A3-B741-7B082E0FF652/require.app/app.js, Resource: app_js<
[20:7.635] Recv: >scripts*created*292338080|app:/app.js||1|17<
[20:7.636] Recv: >resumed*0*started<
[20:7.636] Recv: >log*out*[DEBUG] Loading: /Users/nanap/Library/Application Support/iPhone Simulator/7.1-64/Applications/B2673568-EDE4-41A3-B741-7B082E0FF652/require.app/_app_props_.json, Resource: _app_props__json<
[20:7.636] Recv: >log*out*[DEBUG] Loading: /Users/nanap/Library/Application Support/iPhone Simulator/7.1-64/Applications/B2673568-EDE4-41A3-B741-7B082E0FF652/require.app/day3.js, Resource: day3_js<
[20:7.636] Recv: >scripts*created*292338016|app:/day3.js||1|20<
[20:7.720] Recv: >suspended*0*exception*app:/day3.js*20<
[20:7.721] Sent: >22*1396660807629*frames*0<
[20:7.722] Recv: >1396660807629*0||exports|app:/day3.js|20|false|0|0*1|||app:/day3.js|1|false|0|0*2|||app:/app.js|12|false|0|0<
----------End of file----------
